2023-09-07 18:02:05,287 =============================================================
2023-09-07 18:02:05,287 =============================================================
2023-09-07 18:02:05,287 Today is 2023-09-07 at 06:02 PM
2023-09-07 18:02:05,353 This file is running on: nt Windows 10
2023-09-07 18:02:05,353 The Python version is: 3.11.4
2023-09-07 18:02:05,353 The active conda environment is:  None
2023-09-07 18:02:05,353 The active pip environment is:    None
2023-09-07 18:02:05,353 The active environment path is:   C:\Users\laura\AppData\Local\Programs\Python\Python311
2023-09-07 18:02:05,355 The current working directory is: C:\Users\laura\OneDrive\Documents\datafun-03-datatypes-main\datafun-03-datatypes
2023-09-07 18:02:05,355 This source file is in:           c:\Users\laura\OneDrive\Documents\datafun-03-datatypes-main\datafun-03-datatypes
2023-09-07 18:02:05,355 =============================================================
2023-09-07 18:02:05,355 =============================================================
2023-09-07 18:02:05,355 Calling functions from main block
2023-09-07 18:02:05,355 Calling process_text_woodchuck()
2023-09-07 18:02:05,355 The list of words is: ['How', 'much', 'wood', 'would', 'a', 'woodchuck', 'chuck', 'if', 'a', 'woodchuck', 'could', 'chuck', 'wood?', 'He', 'would', 'chuck,', 'he', 'would,', 'as', 'much', 'as', 'he', 'could,', 'and', 'chuck', 'as', 'much', 'wood', 'as', 'a', 'woodchuck', 'would', 'if', 'a', 'woodchuck', 'could', 'chuck', 'wood.']
2023-09-07 18:02:05,355 There are 38 words in the file.
2023-09-07 18:02:05,355 The set of unique words is: {'would', 'chuck,', 'would,', 'if', 'could,', 'could', 'He', 'woodchuck', 'and', 'wood?', 'a', 'chuck', 'as', 'wood.', 'he', 'wood', 'How', 'much'}
2023-09-07 18:02:05,355 There are 18 unique words in the file.
2023-09-07 18:02:05,355 Calling create_random_sentence()
2023-09-07 18:02:05,355 Random sentence: The happy bird swims sadly.
2023-09-07 18:02:05,355 Calling create_random_sentence()
2023-09-07 18:02:05,355 Random sentence: The angry dog crawls angrily.
2023-09-07 18:02:05,355 Calling play_game()
2023-09-07 18:02:05,355 ready_for_continous_game = True
