2023-09-07 19:30:11,153 =============================================================
2023-09-07 19:30:11,153 =============================================================
2023-09-07 19:30:11,153 Today is 2023-09-07 at 07:30 PM
2023-09-07 19:30:11,194 This file is running on: nt Windows 10
2023-09-07 19:30:11,194 The Python version is: 3.11.4
2023-09-07 19:30:11,194 The active conda environment is:  None
2023-09-07 19:30:11,194 The active pip environment is:    None
2023-09-07 19:30:11,194 The active environment path is:   C:\Users\laura\AppData\Local\Programs\Python\Python311
2023-09-07 19:30:11,194 The current working directory is: C:\Users\laura\OneDrive\Documents\datafun-03-datatypes-main\datafun-03-datatypes
2023-09-07 19:30:11,194 This source file is in:           c:\Users\laura\OneDrive\Documents\datafun-03-datatypes-main\datafun-03-datatypes
2023-09-07 19:30:11,194 =============================================================
2023-09-07 19:30:11,194 =============================================================
2023-09-07 19:30:11,194 Using Python Built-in Functions ..................................................................................
2023-09-07 19:30:11,194 [('Domestic', 'white', 'animal shelter'), ('Siamese', 'black', 'stray'), ('Maine Coon', 'orange', 'breeder'), ('Persian', 'gray', 'family/friend'), ('Ragdoll', 'calico', 'rescue'), ('Bengal', 'tortiseshell', 'existing household cat')]
2023-09-07 19:30:11,194 length of tuple is: 6
2023-09-07 19:30:11,194 Random Choice......................................................................................................
2023-09-07 19:30:11,194 Calling create_random_sentence()
2023-09-07 19:30:11,194 The gray cat weighs 9.5 lbs
2023-09-07 19:30:11,194 The Maine Coon cat came from a/an stray
2023-09-07 19:30:11,194 Get Unique Words...................................................................................................
2023-09-07 19:30:11,194 ['&', '(&', '10,000', '40', '42', 'A', 'A-Ha', 'ABC', 'AC/DC', 'Abdul', 'Accept', 'Adam', 'Adams', 'Aerosmith', 'Afrika', 'Air', 'Alan', 'Anita', 'Ant', 'Aretha', 'Asia', "B-52's", 'B.', 'Baker', 'Ballet', 'Bambaataa', 'Bananarama', 'Bangles', 'Beastie', 'Benatar', 'Berlin', 'Billy', 'Black', 'Block', 'Blondie', 'Bob', 'Bobby', 'Bon', 'Bonnie', 'Boogie', 'Boston', 'Bowie', 'Boys', 'Branigan', 'Brown', 'Bruce', 'Bryan', 'Burgh', 'Cannibals', 'Cara', 'Cars', 'Cats', 'Chain', 'Chapman', 'Chicago', 'Chili', 'Chris', 'Cinderella', 'Clapton', 'Clash', 'Club', 'Collins', 'Cool', 'Corey', 'Costello', 'Crosby', 'Crue', 'Cult', 'Culture', 'Cure', 'Cyndi', "D'arby", 'DJ', 'Dark', 'David', 'De', 'Dead', 'Debbie', 'Dee', 'Def', 'Depeche', 'Dio', 'Dire', 'Dokken', 'Don', 'Double', 'Doug', 'Down', 'Duran', 'Dü', 'E.', 'Earth', 'Easton', 'Eddie', 'Eddy', 'Edition', 'Elton', 'Elvis', 'Enemy', 'Eric', 'Estefan', 'Europe', 'Eurythmics', 'Falco', 'Farnham', 'Fears', 'Femmes', 'Fine', 'Fire', 'Five', 'Fixx', 'Flag', 'Flash', 'Fleetwood', 'Flock', 'Floyd', 'Foreigner', 'Frankie', 'Franklin', 'Fresh', 'Furious', 'Gabriel', 'Gang', 'Gaye', 'Genesis', 'George', 'Gibson', 'Gloria', "Go-Go's", 'Goes', 'Grandmaster', 'Grant', 'Guns', 'Halen', 'Hall', 'Hart', 'Heads', 'Heart', 'Heartbreakers', 'Henley', 'Hollywood', 'Hornsby', 'Hot', 'Houston', 'Howard', 'Huey', 'Human', 'Hüsker', 'INXS', 'Idol', 'Irene', 'Iron', 'J', 'Jackson', 'Jam', 'James', 'Janet', 'Jazzy', 'Jeff', 'Jesus', 'Jett', 'Joan', 'Joel', 'John', 'Jones', 'Journey', 'Jovi', 'Judas', 'KISS', 'Kennedys', 'Kenny', 'Kids', 'Kool', 'L.L.', 'La', 'LaBelle', 'Lauper', 'Laura', 'League', 'Lee', 'Lennon', 'Leppard', 'Level', 'Lewis', 'Lionel', 'Loggins', 'Loverboy', 'Luther', 'Mac', 'Machine', 'Madness', 'Madonna', 'Maiden', 'Maniacs', 'Manoeuvres', 'Marvin', 'Marx', 'Mary', 'McCartney', 'Mellencamp', 'Men', 'Metallica', 'Miami', 'Michael', 'Michael/Wham', 'Mike', 'Milli', 'Minds', 'Mister', 'Mode', 'Moe', 'Money', 'Motley', 'Mr.', "N'", 'N.W.A', 'Nash', 'New', 'News', 'Nicks', 'Oates', 'Ocean', 'Oldfield', 'Orchestral', 'Order', 'Osbourne', 'Ozzy', 'Palmer', 'Parsons', 'Pat', 'Patti', 'Paul', 'Paula', 'Peppers', 'Pet', 'Pete', 'Peter', 'Petty', 'Phil', 'Pink', 'Pixies', 'Pointer', 'Poison', 'Police', 'Pretenders', 'Priest', 'Prince', 'Productions', 'Project', 'Public', 'Queen', 'Quiet', 'R.E.M.', 'RATT', 'REO', 'Raitt', 'Rakim', 'Range', 'Ray', 'Red', 'Replacements', 'Richard', 'Richie', 'Rick', 'Riot', 'Robert', 'Rod', 'Rolling', 'Roses', 'Roth', 'Row', 'Run-D.M.C.', 'Rush', 'Sabbath', 'Sade', 'Salt-N-Pepa', 'Scorpions', 'Seagulls', 'Seger', 'Sheena', 'Shop', 'Simon', 'Simple', 'Simply', 'Sister', 'Sisters', 'Skid', 'Slayer', 'Smiths', 'Sonic', 'Soul', 'Sound', 'Spandau', 'Speedwagon', 'Springfield', 'Springsteen', 'Squeeze', 'Squier', 'Starship', 'Steve', 'Stevie', 'Stewart', 'Stills', 'Sting', 'Stone', 'Stones', 'Straits', 'Stray', 'Styx', 'Supply', 'Talking', 'Tears', 'Terence', 'The', 'Thompson', 'Thorogood', 'Tiffany', 'Tina', 'Tom', 'Tone-Loc', 'Top', 'Toto', 'Townshend', 'Tracy', 'Trent', 'Trouble', 'Turner', 'Twins', 'Twisted', 'U2', 'UB', 'Van', 'Vandross', 'Vanilli', 'Vaughan', 'Violent', 'Waits', 'Whitesnake', 'Whitney', 'Wind', 'Winwood', 'Wonder', 'Work', 'Yes', 'Young', 'Young)', 'Youth', 'ZZ', 'and', 'at', 'for', 'in', 'of', 'on', 'the', 'to']
2023-09-07 19:30:11,194 The len() is 356
